{"C:\\POC\\intranet-boilerplate\\src\\scripts\\components\\Header.js": {"path":"C:\\POC\\intranet-boilerplate\\src\\scripts\\components\\Header.js","statementMap":{"0":{"start":{"line":3,"column":15},"end":{"line":11,"column":1}},"1":{"start":{"line":4,"column":4},"end":{"line":10,"column":13}}},"fnMap":{"0":{"name":"(anonymous_0)","decl":{"start":{"line":3,"column":15},"end":{"line":3,"column":16}},"loc":{"start":{"line":4,"column":4},"end":{"line":10,"column":13}},"line":4}},"branchMap":{},"s":{"0":1,"1":1},"f":{"0":1},"b":{},"_coverageSchema":"332fd63041d2c1bcb487cc26dd0d5f7d97098a6c","hash":"0a3d3fd1020f2e3c2a369374bd46b5e9bc714e28"}
,"C:\\POC\\intranet-boilerplate\\src\\scripts\\components\\Products.js": {"path":"C:\\POC\\intranet-boilerplate\\src\\scripts\\components\\Products.js","statementMap":{"0":{"start":{"line":6,"column":8},"end":{"line":12,"column":10}},"1":{"start":{"line":17,"column":28},"end":{"line":26,"column":9}},"2":{"start":{"line":27,"column":39},"end":{"line":33,"column":9}},"3":{"start":{"line":34,"column":33},"end":{"line":40,"column":9}},"4":{"start":{"line":41,"column":8},"end":{"line":72,"column":10}}},"fnMap":{"0":{"name":"(anonymous_0)","decl":{"start":{"line":5,"column":4},"end":{"line":5,"column":5}},"loc":{"start":{"line":5,"column":25},"end":{"line":13,"column":5}},"line":5},"1":{"name":"(anonymous_1)","decl":{"start":{"line":15,"column":4},"end":{"line":15,"column":5}},"loc":{"start":{"line":15,"column":13},"end":{"line":73,"column":5}},"line":15}},"branchMap":{},"s":{"0":0,"1":0,"2":0,"3":0,"4":0},"f":{"0":0,"1":0},"b":{},"_coverageSchema":"332fd63041d2c1bcb487cc26dd0d5f7d97098a6c","hash":"f91bfca16325281685d3c85cc39f8a8dca7b95b8"}
}
