{"I:\\intranet\\intranet-boilerplate\\src\\scripts\\components\\Header.js": {"path":"I:\\intranet\\intranet-boilerplate\\src\\scripts\\components\\Header.js","statementMap":{"0":{"start":{"line":3,"column":15},"end":{"line":11,"column":1}},"1":{"start":{"line":4,"column":4},"end":{"line":10,"column":13}}},"fnMap":{"0":{"name":"(anonymous_0)","decl":{"start":{"line":3,"column":15},"end":{"line":3,"column":16}},"loc":{"start":{"line":4,"column":4},"end":{"line":10,"column":13}},"line":4}},"branchMap":{},"s":{"0":1,"1":1},"f":{"0":1},"b":{},"_coverageSchema":"332fd63041d2c1bcb487cc26dd0d5f7d97098a6c","hash":"b9f53d636e9ba62ca87472e47031ed7457f4a7a3"}
,"I:\\intranet\\intranet-boilerplate\\src\\scripts\\components\\Products.js": {"path":"I:\\intranet\\intranet-boilerplate\\src\\scripts\\components\\Products.js","statementMap":{"0":{"start":{"line":7,"column":8},"end":{"line":7,"column":16}},"1":{"start":{"line":8,"column":8},"end":{"line":12,"column":10}},"2":{"start":{"line":16,"column":8},"end":{"line":27,"column":15}},"3":{"start":{"line":18,"column":37},"end":{"line":18,"column":45}},"4":{"start":{"line":19,"column":16},"end":{"line":23,"column":19}},"5":{"start":{"line":26,"column":16},"end":{"line":26,"column":35}},"6":{"start":{"line":31,"column":8},"end":{"line":39,"column":10}},"7":{"start":{"line":43,"column":8},"end":{"line":76,"column":10}}},"fnMap":{"0":{"name":"(anonymous_0)","decl":{"start":{"line":6,"column":4},"end":{"line":6,"column":5}},"loc":{"start":{"line":6,"column":18},"end":{"line":13,"column":5}},"line":6},"1":{"name":"(anonymous_1)","decl":{"start":{"line":15,"column":4},"end":{"line":15,"column":5}},"loc":{"start":{"line":15,"column":24},"end":{"line":28,"column":5}},"line":15},"2":{"name":"(anonymous_2)","decl":{"start":{"line":17,"column":18},"end":{"line":17,"column":19}},"loc":{"start":{"line":17,"column":25},"end":{"line":24,"column":13}},"line":17},"3":{"name":"(anonymous_3)","decl":{"start":{"line":25,"column":19},"end":{"line":25,"column":20}},"loc":{"start":{"line":25,"column":28},"end":{"line":27,"column":13}},"line":25},"4":{"name":"(anonymous_4)","decl":{"start":{"line":30,"column":4},"end":{"line":30,"column":5}},"loc":{"start":{"line":30,"column":25},"end":{"line":40,"column":5}},"line":30},"5":{"name":"(anonymous_5)","decl":{"start":{"line":42,"column":4},"end":{"line":42,"column":5}},"loc":{"start":{"line":42,"column":13},"end":{"line":77,"column":5}},"line":42}},"branchMap":{},"s":{"0":0,"1":0,"2":0,"3":0,"4":0,"5":0,"6":0,"7":0},"f":{"0":0,"1":0,"2":0,"3":0,"4":0,"5":0},"b":{},"_coverageSchema":"332fd63041d2c1bcb487cc26dd0d5f7d97098a6c","hash":"e10e4ec5cbaf621eae28ef56485eaa37807092f4"}
,"I:\\intranet\\intranet-boilerplate\\src\\scripts\\components\\api.js": {"path":"I:\\intranet\\intranet-boilerplate\\src\\scripts\\components\\api.js","statementMap":{},"fnMap":{},"branchMap":{},"s":{},"f":{},"b":{},"_coverageSchema":"332fd63041d2c1bcb487cc26dd0d5f7d97098a6c","hash":"23e667b4e3493372550225d32138c1a78ab1f830"}
}
