TN:
SF:I:\intranet\intranet-boilerplate\src\scripts\components\Header.js
FN:3,(anonymous_0)
FNF:1
FNH:1
FNDA:1,(anonymous_0)
DA:3,1
DA:4,1
LF:2
LH:2
BRF:0
BRH:0
end_of_record
TN:
SF:I:\intranet\intranet-boilerplate\src\scripts\components\Products.js
FN:6,(anonymous_0)
FN:15,(anonymous_1)
FN:17,(anonymous_2)
FN:25,(anonymous_3)
FN:30,(anonymous_4)
FN:42,(anonymous_5)
FNF:6
FNH:0
FNDA:0,(anonymous_0)
FNDA:0,(anonymous_1)
FNDA:0,(anonymous_2)
FNDA:0,(anonymous_3)
FNDA:0,(anonymous_4)
FNDA:0,(anonymous_5)
DA:7,0
DA:8,0
DA:16,0
DA:18,0
DA:19,0
DA:26,0
DA:31,0
DA:43,0
LF:8
LH:0
BRF:0
BRH:0
end_of_record
TN:
SF:I:\intranet\intranet-boilerplate\src\scripts\components\api.js
FNF:0
FNH:0
LF:0
LH:0
BRF:0
BRH:0
end_of_record
